# JRE version: Java(TM) SE Runtime Environment (8.0_102-b14) (build 1.8.0_102-b14)
# Java VM: Java HotSpot(TM) 64-Bit Server VM (25.102-b14 mixed mode windows-amd64 compressed oops)
Heap:
 PSYoungGen      total 75776K, used 44914K [0x000000076bb00000, 0x0000000774f00000, 0x00000007c0000000)
  eden space 65024K, 69% used [0x000000076bb00000,0x000000076e6dca58,0x000000076fa80000)
  from space 10752K, 0% used [0x0000000770500000,0x0000000770500000,0x0000000770f80000)
  to   space 10752K, 0% used [0x000000076fa80000,0x000000076fa80000,0x0000000770500000)
 ParOldGen       total 75264K, used 6496K [0x00000006c3000000, 0x00000006c7980000, 0x000000076bb00000)
  object space 75264K, 8% used [0x00000006c3000000,0x00000006c3658248,0x00000006c7980000)
 Metaspace       used 24454K, capacity 25506K, committed 25728K, reserved 1071104K
  class space    used 3370K, capacity 3600K, committed 3712K, reserved 1048576K
GC Heap History (10 events):
Event: 3.916 GC heap before
{Heap before GC invocations=1 (full 0):
 PSYoungGen      total 75776K, used 65024K [0x000000076bb00000, 0x0000000770f80000, 0x00000007c0000000)
  eden space 65024K, 100% used [0x000000076bb00000,0x000000076fa80000,0x000000076fa80000)
  from space 10752K, 0% used [0x0000000770500000,0x0000000770500000,0x0000000770f80000)
  to   space 10752K, 0% used [0x000000076fa80000,0x000000076fa80000,0x0000000770500000)
 ParOldGen       total 173568K, used 0K [0x00000006c3000000, 0x00000006cd980000, 0x000000076bb00000)
  object space 173568K, 0% used [0x00000006c3000000,0x00000006c3000000,0x00000006cd980000)
 Metaspace       used 11118K, capacity 11350K, committed 11520K, reserved 1058816K
  class space    used 1390K, capacity 1460K, committed 1536K, reserved 1048576K
Event: 3.924 GC heap after
Heap after GC invocations=1 (full 0):
 PSYoungGen      total 75776K, used 9423K [0x000000076bb00000, 0x0000000770f80000, 0x00000007c0000000)
  eden space 65024K, 0% used [0x000000076bb00000,0x000000076bb00000,0x000000076fa80000)
  from space 10752K, 87% used [0x000000076fa80000,0x00000007703b3f10,0x0000000770500000)
  to   space 10752K, 0% used [0x0000000770500000,0x0000000770500000,0x0000000770f80000)
 ParOldGen       total 173568K, used 16K [0x00000006c3000000, 0x00000006cd980000, 0x000000076bb00000)
  object space 173568K, 0% used [0x00000006c3000000,0x00000006c3004000,0x00000006cd980000)
 Metaspace       used 11118K, capacity 11350K, committed 11520K, reserved 1058816K
  class space    used 1390K, capacity 1460K, committed 1536K, reserved 1048576K
}
Event: 10.770 GC heap before
{Heap before GC invocations=2 (full 0):
 PSYoungGen      total 75776K, used 74447K [0x000000076bb00000, 0x0000000770f80000, 0x00000007c0000000)
  eden space 65024K, 100% used [0x000000076bb00000,0x000000076fa80000,0x000000076fa80000)
  from space 10752K, 87% used [0x000000076fa80000,0x00000007703b3f10,0x0000000770500000)
  to   space 10752K, 0% used [0x0000000770500000,0x0000000770500000,0x0000000770f80000)
 ParOldGen       total 173568K, used 16K [0x00000006c3000000, 0x00000006cd980000, 0x000000076bb00000)
  object space 173568K, 0% used [0x00000006c3000000,0x00000006c3004000,0x00000006cd980000)
 Metaspace       used 16102K, capacity 16756K, committed 16896K, reserved 1064960K
  class space    used 2127K, capacity 2281K, committed 2304K, reserved 1048576K
Event: 10.775 GC heap after
Heap after GC invocations=2 (full 0):
 PSYoungGen      total 75776K, used 8098K [0x000000076bb00000, 0x0000000770f80000, 0x00000007c0000000)
  eden space 65024K, 0% used [0x000000076bb00000,0x000000076bb00000,0x000000076fa80000)
  from space 10752K, 75% used [0x0000000770500000,0x0000000770ce8908,0x0000000770f80000)
  to   space 10752K, 0% used [0x000000076fa80000,0x000000076fa80000,0x0000000770500000)
 ParOldGen       total 173568K, used 24K [0x00000006c3000000, 0x00000006cd980000, 0x000000076bb00000)
  object space 173568K, 0% used [0x00000006c3000000,0x00000006c3006000,0x00000006cd980000)
 Metaspace       used 16102K, capacity 16756K, committed 16896K, reserved 1064960K
  class space    used 2127K, capacity 2281K, committed 2304K, reserved 1048576K
}
Event: 10.930 GC heap before
{Heap before GC invocations=3 (full 0):
 PSYoungGen      total 75776K, used 73122K [0x000000076bb00000, 0x0000000770f80000, 0x00000007c0000000)
  eden space 65024K, 100% used [0x000000076bb00000,0x000000076fa80000,0x000000076fa80000)
  from space 10752K, 75% used [0x0000000770500000,0x0000000770ce8908,0x0000000770f80000)
  to   space 10752K, 0% used [0x000000076fa80000,0x000000076fa80000,0x0000000770500000)
 ParOldGen       total 173568K, used 24K [0x00000006c3000000, 0x00000006cd980000, 0x000000076bb00000)
  object space 173568K, 0% used [0x00000006c3000000,0x00000006c3006000,0x00000006cd980000)
 Metaspace       used 19531K, capacity 20378K, committed 20608K, reserved 1067008K
  class space    used 2705K, capacity 2912K, committed 2944K, reserved 1048576K
Event: 10.934 GC heap after
Heap after GC invocations=3 (full 0):
 PSYoungGen      total 75776K, used 9147K [0x000000076bb00000, 0x0000000770f80000, 0x00000007c0000000)
  eden space 65024K, 0% used [0x000000076bb00000,0x000000076bb00000,0x000000076fa80000)
  from space 10752K, 85% used [0x000000076fa80000,0x000000077036eca8,0x0000000770500000)
  to   space 10752K, 0% used [0x0000000770500000,0x0000000770500000,0x0000000770f80000)
 ParOldGen       total 173568K, used 32K [0x00000006c3000000, 0x00000006cd980000, 0x000000076bb00000)
  object space 173568K, 0% used [0x00000006c3000000,0x00000006c3008000,0x00000006cd980000)
 Metaspace       used 19531K, capacity 20378K, committed 20608K, reserved 1067008K
  class space    used 2705K, capacity 2912K, committed 2944K, reserved 1048576K
}
Event: 10.961 GC heap before
{Heap before GC invocations=4 (full 0):
 PSYoungGen      total 75776K, used 15552K [0x000000076bb00000, 0x0000000770f80000, 0x00000007c0000000)
  eden space 65024K, 9% used [0x000000076bb00000,0x000000076c141440,0x000000076fa80000)
  from space 10752K, 85% used [0x000000076fa80000,0x000000077036eca8,0x0000000770500000)
  to   space 10752K, 0% used [0x0000000770500000,0x0000000770500000,0x0000000770f80000)
 ParOldGen       total 173568K, used 32K [0x00000006c3000000, 0x00000006cd980000, 0x000000076bb00000)
  object space 173568K, 0% used [0x00000006c3000000,0x00000006c3008000,0x00000006cd980000)
 Metaspace       used 20278K, capacity 21104K, committed 21248K, reserved 1067008K
  class space    used 2785K, capacity 2987K, committed 3072K, reserved 1048576K
Event: 10.965 GC heap after
Heap after GC invocations=4 (full 0):
 PSYoungGen      total 75776K, used 6698K [0x000000076bb00000, 0x0000000774f00000, 0x00000007c0000000)
  eden space 65024K, 0% used [0x000000076bb00000,0x000000076bb00000,0x000000076fa80000)
  from space 10752K, 62% used [0x0000000770500000,0x0000000770b8a8a8,0x0000000770f80000)
  to   space 10752K, 0% used [0x000000076fa80000,0x000000076fa80000,0x0000000770500000)
 ParOldGen       total 173568K, used 40K [0x00000006c3000000, 0x00000006cd980000, 0x000000076bb00000)
  object space 173568K, 0% used [0x00000006c3000000,0x00000006c300a000,0x00000006cd980000)
 Metaspace       used 20278K, capacity 21104K, committed 21248K, reserved 1067008K
  class space    used 2785K, capacity 2987K, committed 3072K, reserved 1048576K
}
Event: 10.965 GC heap before
{Heap before GC invocations=5 (full 1):
 PSYoungGen      total 75776K, used 6698K [0x000000076bb00000, 0x0000000774f00000, 0x00000007c0000000)
  eden space 65024K, 0% used [0x000000076bb00000,0x000000076bb00000,0x000000076fa80000)
  from space 10752K, 62% used [0x0000000770500000,0x0000000770b8a8a8,0x0000000770f80000)
  to   space 10752K, 0% used [0x000000076fa80000,0x000000076fa80000,0x0000000770500000)
 ParOldGen       total 173568K, used 40K [0x00000006c3000000, 0x00000006cd980000, 0x000000076bb00000)
  object space 173568K, 0% used [0x00000006c3000000,0x00000006c300a000,0x00000006cd980000)
 Metaspace       used 20278K, capacity 21104K, committed 21248K, reserved 1067008K
  class space    used 2785K, capacity 2987K, committed 3072K, reserved 1048576K
Event: 10.987 GC heap after
Heap after GC invocations=5 (full 1):
 PSYoungGen      total 75776K, used 0K [0x000000076bb00000, 0x0000000774f00000, 0x00000007c0000000)
  eden space 65024K, 0% used [0x000000076bb00000,0x000000076bb00000,0x000000076fa80000)
  from space 10752K, 0% used [0x0000000770500000,0x0000000770500000,0x0000000770f80000)
  to   space 10752K, 0% used [0x000000076fa80000,0x000000076fa80000,0x0000000770500000)
 ParOldGen       total 75264K, used 6496K [0x00000006c3000000, 0x00000006c7980000, 0x000000076bb00000)
  object space 75264K, 8% used [0x00000006c3000000,0x00000006c3658248,0x00000006c7980000)
 Metaspace       used 20278K, capacity 21104K, committed 21248K, reserved 1067008K
  class space    used 2785K, capacity 2987K, committed 3072K, reserved 1048576K
}

